\BOOKMARK [1][-]{section.1}{\376\377\123\302\200\003}{}% 1
\BOOKMARK [1][-]{section.2}{\376\377\123\125\134\102\171\136\176\317\177\121\176\334}{}% 2
\BOOKMARK [2][-]{subsection.2.1}{\376\377\176\277\140\047\126\336\137\122\121\375\145\160\000-\176\277\140\047\230\204\155\113\176\323\147\234}{section.2}% 3
\BOOKMARK [2][-]{subsection.2.2}{\376\377\157\300\155\073\121\375\145\160\000-\227\136\176\277\140\047\230\204\155\113\176\323\147\234}{section.2}% 4
\BOOKMARK [3][-]{subsubsection.2.2.1}{\376\377\211\343\221\312\116\016\213\364\146\016}{subsection.2.2}% 5
\BOOKMARK [2][-]{subsection.2.3}{\376\377\143\137\131\061\121\375\145\160\000-\230\204\155\113\116\016\133\236\226\105\166\204\135\356\215\335}{section.2}% 6
\BOOKMARK [3][-]{subsubsection.2.3.1}{\376\377\211\343\221\312\116\016\213\364\146\016}{subsection.2.3}% 7
\BOOKMARK [2][-]{subsection.2.4}{\376\377\142\020\147\054\121\375\145\160\000-\230\204\155\113\116\016\133\236\226\105\166\204\135\356\215\335}{section.2}% 8
\BOOKMARK [2][-]{subsection.2.5}{\376\377\150\257\136\246\116\013\226\115\154\325\000-\171\136\176\317\177\121\176\334\166\204\133\146\116\140\122\237\200\375}{section.2}% 9
\BOOKMARK [3][-]{subsubsection.2.5.1}{\376\377\211\343\221\312\116\016\213\364\146\016}{subsection.2.5}% 10
\BOOKMARK [2][-]{subsection.2.6}{\376\377\171\136\176\317\177\121\176\334\166\204\213\241\173\227}{section.2}% 11
\BOOKMARK [3][-]{subsubsection.2.6.1}{\376\377\122\115\124\021\213\241\173\227}{subsection.2.6}% 12
\BOOKMARK [3][-]{subsubsection.2.6.2}{\376\377\123\315\124\021\213\241\173\227}{subsection.2.6}% 13
\BOOKMARK [3][-]{subsubsection.2.6.3}{\376\377\211\343\221\312\116\016\213\364\146\016}{subsection.2.6}% 14
\BOOKMARK [2][-]{subsection.2.7}{\376\377\124\021\221\317\123\026}{section.2}% 15
\BOOKMARK [2][-]{subsection.2.8}{\376\377\127\372\170\100\151\202\137\365}{section.2}% 16
\BOOKMARK [2][-]{subsection.2.9}{\376\377\162\171\137\201\135\345\172\013\000-\134\006\123\237\131\313\117\341\140\157\217\154\116\072\162\171\137\201\167\342\221\317}{section.2}% 17
\BOOKMARK [2][-]{subsection.2.10}{\376\377\155\361\136\246\133\146\116\140\154\350\141\017\116\213\230\171}{section.2}% 18
\BOOKMARK [2][-]{subsection.2.11}{\376\377\122\115\124\021\213\241\173\227\117\052\116\343\170\001}{section.2}% 19
\BOOKMARK [1][-]{section.3}{\376\377\155\105\134\102\171\136\176\317\177\121\176\334}{}% 20
\BOOKMARK [2][-]{subsection.3.1}{\376\377\155\105\134\102\171\136\176\317\177\121\176\334\122\115\124\021\213\241\173\227}{section.3}% 21
\BOOKMARK [2][-]{subsection.3.2}{\376\377\155\361\136\246\171\136\176\317\177\121\176\334\213\255\176\303\166\204\213\241\173\227\217\307\172\013}{section.3}% 22
